<?xml version="1.0" encoding="UTF-8"?>
<!-- Generated by org.testng.reporters.JUnitReportReporter -->
<testsuite hostname="Ram" failures="0" tests="1" name="restAPI.Authorization" time="7.595" errors="0" timestamp="2023-06-27T15:25:07 EDT" skipped="0">
  <testcase classname="restAPI.Authorization" name="basicauth" time="7.595"/>
</testsuite> <!-- restAPI.Authorization -->
