<?xml version="1.0" encoding="UTF-8"?>
<!-- Generated by org.testng.reporters.JUnitReportReporter -->
<testsuite hostname="Ram" failures="0" tests="1" name="restAPI.Getcall" time="4.998" errors="0" timestamp="2023-06-25T13:43:28 EDT" skipped="0">
  <testcase classname="restAPI.Getcall" name="delete" time="4.998"/>
</testsuite> <!-- restAPI.Getcall -->
